<?xml version='1.1' encoding='UTF-8'?>
<result plugin="junit@1.28">
  <suites>
    <suite>
      <file>D:\Soft\Jenkins\workspace\WebdriverFramework\javaTasks\target\surefire-reports\TEST-TestSuite.xml</file>
      <name>TestSuite</name>
      <duration>71.148</duration>
      <time>71.148</time>
      <enclosingBlocks/>
      <enclosingBlockNames/>
      <cases>
        <case>
          <duration>33.386</duration>
          <className>framework.test.EmailTotalCostTest</className>
          <testName>checkForEmailTotalCost</testName>
          <skipped>false</skipped>
          <failedSince>0</failedSince>
        </case>
      </cases>
    </suite>
  </suites>
  <duration>71.148</duration>
  <keepLongStdio>false</keepLongStdio>
</result>